<?xml version="1.0" encoding="UTF-8"?>
<!-- Generated by org.testng.reporters.JUnitXMLReporter -->
<testsuite ignored="0" hostname="DESKTOP-IN94U2C" failures="0" tests="2" name="Surefire test" time="0.088" errors="0" timestamp="2023-03-04T17:55:56 EST">
  <testcase classname="com.example.slidingwindow.SlidingWindowTest" name="shouldTestCountGoodSubstrings" time="0.019"/>
  <testcase classname="com.example.slidingwindow.SlidingWindowTest" name="shouldTestCountGoodSubstringsAgain" time="0.001"/>
</testsuite> <!-- Surefire test -->
